1532700695123	geckodriver	INFO	geckodriver 0.21.0
1532700695131	geckodriver	INFO	Listening on 127.0.0.1:63770
1532700834351	geckodriver	INFO	geckodriver 0.21.0
1532700834359	geckodriver	INFO	Listening on 127.0.0.1:63774
1532700857834	geckodriver	INFO	geckodriver 0.21.0
1532700857841	geckodriver	INFO	Listening on 127.0.0.1:63774
1532700988338	geckodriver	INFO	geckodriver 0.21.0
1532700988345	geckodriver	INFO	Listening on 127.0.0.1:63794
1532700991387	mozrunner::runner	INFO	Running command: "C:\\Program Files\\Mozilla Firefox\\firefox.exe" "-marionette" "-foreground" "-no-remote" "-profile" "C:\\Users\\win10\\AppData\\Local\\Temp\\rust_mozprofile.XzVXrxsPdrH8"
Unable to read VR Path Registry from C:\Users\win10\AppData\Local\openvr\openvrpaths.vrpath
Unable to read VR Path Registry from C:\Users\win10\AppData\Local\openvr\openvrpaths.vrpath
Unable to read VR Path Registry from C:\Users\win10\AppData\Local\openvr\openvrpaths.vrpath
Unable to read VR Path Registry from C:\Users\win10\AppData\Local\openvr\openvrpaths.vrpath
Unable to read VR Path Registry from C:\Users\win10\AppData\Local\openvr\openvrpaths.vrpath
1532700993038	Marionette	INFO	Listening on port 63795
1532700993498	Marionette	WARN	TLS certificate errors will be ignored for this session
[Parent 7480, Gecko_IOThread] WARNING: pipe error: 109: file z:/build/build/src/ipc/chromium/src/chrome/common/ipc_channel_win.cc, line 346
[Child 11256, Chrome_ChildThread] WARNING: pipe error: 109: file z:/build/build/src/ipc/chromium/src/chrome/common/ipc_channel_win.cc, line 346
[Child 11256, Chrome_ChildTh[Parent 7480, Gecko_IOThread] WARNING: pipe error: 109: file z:/build/build/src/ipc/chromium/src/chrome/common/ipc_channel_win.cc, line 346
[Child 9472, Chrome_ChildThread] WARNING: pipe error: 109: file z:/build/build/src/ipc/chromium/src/chrome/common/ipc_channel_win.cc, line 346
[Child 9472, Chrome_ChildThrea*** UTM:SVC TimerManager:registerTimer called after profile-before-change notification. Ignoring timer registration for id: telemetry_modules_ping
[GPU 2676, Chrome_Chil
###!!! [Child][MessageChannel::SendAndWait] Error: Channel error: cannot send/recv

1532701050706	geckodriver	INFO	geckodriver 0.21.0
1532701050714	geckodriver	INFO	Listening on 127.0.0.1:63808
1532701057774	geckodriver	INFO	geckodriver 0.21.0
1532701057782	geckodriver	INFO	Listening on 127.0.0.1:63773
1532701066920	geckodriver	INFO	geckodriver 0.21.0
1532701066928	geckodriver	INFO	Listening on 127.0.0.1:63776
1532701122442	geckodriver	INFO	geckodriver 0.21.0
1532701122449	geckodriver	INFO	Listening on 127.0.0.1:63773
1532701140809	geckodriver	INFO	geckodriver 0.21.0
1532701140816	geckodriver	INFO	Listening on 127.0.0.1:63773
1532701174732	geckodriver	INFO	geckodriver 0.21.0
1532701174739	geckodriver	INFO	Listening on 127.0.0.1:63770
1532701329454	geckodriver	INFO	geckodriver 0.21.0
1532701329460	geckodriver	INFO	Listening on 127.0.0.1:63786
1532701353032	geckodriver	INFO	geckodriver 0.21.0
1532701353038	geckodriver	INFO	Listening on 127.0.0.1:63793
1532702120710	geckodriver	INFO	geckodriver 0.21.0
1532702120717	geckodriver	INFO	Listening on 127.0.0.1:63782
1532789476536	geckodriver	INFO	geckodriver 0.21.0
1532789476543	geckodriver	INFO	Listening on 127.0.0.1:51492
1532789479590	mozrunner::runner	INFO	Running command: "C:\\Program Files\\Mozilla Firefox\\firefox.exe" "-marionette" "-foreground" "-no-remote" "-profile" "C:\\Users\\win10\\AppData\\Local\\Temp\\rust_mozprofile.lUI3DuuP9NKl"
1532789479731	addons.manager	DEBUG	Application has been upgraded
1532789479745	addons.manager	DEBUG	Loaded provider scope for resource://gre/modules/addons/XPIProvider.jsm: ["XPIProvider", "XPIInternal"]
1532789479747	addons.manager	DEBUG	Loaded provider scope for resource://gre/modules/LightweightThemeManager.jsm: ["LightweightThemeManager"]
1532789479760	addons.manager	DEBUG	Loaded provider scope for resource://gre/modules/addons/GMPProvider.jsm
1532789479761	addons.manager	DEBUG	Loaded provider scope for resource://gre/modules/addons/PluginProvider.jsm
1532789479762	addons.manager	DEBUG	Starting provider: XPIProvider
1532789479762	addons.xpi	DEBUG	startup
1532789479762	addons.xpi	INFO	SystemAddonInstallLocation directory is missing
1532789479769	addons.xpi	INFO	Removing all system add-on upgrades.
1532789479770	addons.xpi	DEBUG	checkForChanges
1532789479770	addons.xpi	DEBUG	Loaded add-on state: ${}
1532789479771	addons.xpi	DEBUG	New add-on activity-stream@mozilla.org in app-system-defaults
1532789479771	addons.xpi	DEBUG	New add-on aushelper@mozilla.org in app-system-defaults
1532789479772	addons.xpi	DEBUG	New add-on firefox@getpocket.com in app-system-defaults
1532789479772	addons.xpi	DEBUG	New add-on followonsearch@mozilla.com in app-system-defaults
1532789479772	addons.xpi	DEBUG	New add-on formautofill@mozilla.org in app-system-defaults
1532789479773	addons.xpi	DEBUG	New add-on onboarding@mozilla.org in app-system-defaults
1532789479773	addons.xpi	DEBUG	New add-on screenshots@mozilla.org in app-system-defaults
1532789479773	addons.xpi	DEBUG	New add-on webcompat-reporter@mozilla.org in app-system-defaults
1532789479774	addons.xpi	DEBUG	New add-on webcompat@mozilla.org in app-system-defaults
1532789479774	addons.xpi	DEBUG	getInstallState changed: true, state: {}
1532789479779	addons.xpi-utils	DEBUG	Opening XPI database C:\Users\win10\AppData\Local\Temp\rust_mozprofile.lUI3DuuP9NKl\extensions.json
1532789479780	addons.xpi-utils	DEBUG	New add-on activity-stream@mozilla.org installed in app-system-defaults
*** Blocklist::_preloadBlocklistFile: blocklist is disabled
1532789479797	addons.xpi-utils	DEBUG	New add-on aushelper@mozilla.org installed in app-system-defaults
1532789479799	addons.xpi-utils	DEBUG	New add-on firefox@getpocket.com installed in app-system-defaults
1532789479802	addons.xpi-utils	DEBUG	New add-on followonsearch@mozilla.com installed in app-system-defaults
1532789479805	addons.xpi-utils	DEBUG	New add-on formautofill@mozilla.org installed in app-system-defaults
1532789479807	addons.xpi-utils	DEBUG	New add-on onboarding@mozilla.org installed in app-system-defaults
1532789479809	addons.xpi-utils	DEBUG	New add-on screenshots@mozilla.org installed in app-system-defaults
1532789479813	addons.xpi-utils	DEBUG	New add-on webcompat-reporter@mozilla.org installed in app-system-defaults
1532789479816	addons.xpi-utils	DEBUG	New add-on webcompat@mozilla.org installed in app-system-defaults
1532789479917	addons.xpi-utils	DEBUG	XPI Database saved, setting schema version preference to 26
1532789479919	addons.manager	DEBUG	Registering startup change 'installed' for activity-stream@mozilla.org
1532789479923	addons.xpi	DEBUG	Loading bootstrap scope from C:\Program Files\Mozilla Firefox\browser\features\activity-stream@mozilla.org.xpi
1532789479924	addons.xpi	DEBUG	Calling bootstrap method install on activity-stream@mozilla.org version 2018.06.29.1026-fa231556
1532789479924	addons.xpi-utils	DEBUG	Make addon app-system-defaults:activity-stream@mozilla.org visible
1532789479924	addons.xpi	DEBUG	Updating XPIState for {"id":"activity-stream@mozilla.org","syncGUID":"{1ba22078-b7ce-41ec-8496-60375b40a53b}","location":"app-system-defaults","version":"2018.06.29.1026-fa231556","type":"extension","updateURL":null,"optionsURL":null,"optionsType":null,"aboutURL":null,"defaultLocale":{"name":"Activity Stream","description":"A rich visual history feed and a reimagined home page make it easier than ever to find exactly what you're looking for in Firefox.","creator":null,"homepageURL":null},"visible":true,"active":false,"userDisabled":false,"appDisabled":false,"installDate":1530671781133,"updateDate":1530671781133,"applyBackgroundUpdates":1,"bootstrap":true,"path":"C:\\Program Files\\Mozilla Firefox\\browser\\features\\activity-stream@mozilla.org.xpi","skinnable":false,"size":2732420,"sourceURI":null,"releaseNotesURI":null,"softDisabled":false,"foreignInstall":false,"strictCompatibility":false,"locales":[],"targetApplications":[{"id":"{ec8030f7-c20a-464f-9b0e-13a3a9e97384}","minVersion":"61.0.1","maxVersion":"61.*"}],"targetPlatforms":[],"seen":true,"dependencies":[],"hasEmbeddedWebExtension":false,"userPermissions":null,"icons":{},"iconURL":null,"icon64URL":null,"blocklistState":0,"blocklistURL":null,"startupData":null}
1532789479925	addons.manager	DEBUG	Registering startup change 'installed' for aushelper@mozilla.org
1532789479925	addons.xpi	DEBUG	Loading bootstrap scope from C:\Program Files\Mozilla Firefox\browser\features\aushelper@mozilla.org.xpi
1532789479926	addons.xpi	DEBUG	Calling bootstrap method install on aushelper@mozilla.org version 2.0
1532789479926	addons.xpi-utils	DEBUG	Make addon app-system-defaults:aushelper@mozilla.org visible
1532789479926	addons.xpi	DEBUG	Updating XPIState for {"id":"aushelper@mozilla.org","syncGUID":"{6dd2d5a6-35fc-4d41-956c-39656b13a44f}","location":"app-system-defaults","version":"2.0","type":"extension","updateURL":null,"optionsURL":null,"optionsType":null,"aboutURL":null,"defaultLocale":{"name":"Application Update Service Helper","description":"Sets value(s) in the update url based on custom checks.","creator":null,"homepageURL":null},"visible":true,"active":false,"userDisabled":false,"appDisabled":false,"installDate":1530671781133,"updateDate":1530671781133,"applyBackgroundUpdates":1,"bootstrap":true,"path":"C:\\Program Files\\Mozilla Firefox\\browser\\features\\aushelper@mozilla.org.xpi","skinnable":false,"size":8425,"sourceURI":null,"releaseNotesURI":null,"softDisabled":false,"foreignInstall":false,"strictCompatibility":false,"locales":[],"targetApplications":[{"id":"{ec8030f7-c20a-464f-9b0e-13a3a9e97384}","minVersion":"61.0.1","maxVersion":"61.*"}],"targetPlatforms":[],"seen":true,"dependencies":[],"hasEmbeddedWebExtension":false,"userPermissions":null,"icons":{},"iconURL":null,"icon64URL":null,"blocklistState":0,"blocklistURL":null,"startupData":null}
1532789479927	addons.manager	DEBUG	Registering startup change 'installed' for firefox@getpocket.com
1532789479927	addons.xpi	DEBUG	Loading bootstrap scope from C:\Program Files\Mozilla Firefox\browser\features\firefox@getpocket.com.xpi
1532789479929	addons.xpi	DEBUG	Calling bootstrap method install on firefox@getpocket.com version 1.0.5
1532789479929	addons.xpi-utils	DEBUG	Make addon app-system-defaults:firefox@getpocket.com visible
1532789479929	addons.xpi	DEBUG	Updating XPIState for {"id":"firefox@getpocket.com","syncGUID":"{1b3a3fea-3330-44bd-a4ae-d3592a5ff942}","location":"app-system-defaults","version":"1.0.5","type":"extension","updateURL":null,"optionsURL":null,"optionsType":null,"aboutURL":null,"defaultLocale":{"name":"Pocket","description":"When you find something you want to view later, put it in Pocket.","creator":null,"homepageURL":null},"visible":true,"active":false,"userDisabled":false,"appDisabled":false,"installDate":1530671781138,"updateDate":1530671781138,"applyBackgroundUpdates":1,"bootstrap":true,"path":"C:\\Program Files\\Mozilla Firefox\\browser\\features\\firefox@getpocket.com.xpi","skinnable":false,"size":855820,"sourceURI":null,"releaseNotesURI":null,"softDisabled":false,"foreignInstall":false,"strictCompatibility":false,"locales":[],"targetApplications":[{"id":"{ec8030f7-c20a-464f-9b0e-13a3a9e97384}","minVersion":"61.0.1","maxVersion":"61.*"}],"targetPlatforms":[],"seen":true,"dependencies":[],"hasEmbeddedWebExtension":false,"userPermissions":null,"icons":{},"iconURL":null,"icon64URL":null,"blocklistState":0,"blocklistURL":null,"startupData":null}
1532789479930	addons.manager	DEBUG	Registering startup change 'installed' for followonsearch@mozilla.com
1532789479930	addons.xpi	DEBUG	Loading bootstrap scope from C:\Program Files\Mozilla Firefox\browser\features\followonsearch@mozilla.com.xpi
1532789479931	addons.xpi	DEBUG	Calling bootstrap method install on followonsearch@mozilla.com version 0.9.7
1532789479931	addons.xpi-utils	DEBUG	Make addon app-system-defaults:followonsearch@mozilla.com visible
1532789479931	addons.xpi	DEBUG	Updating XPIState for {"id":"followonsearch@mozilla.com","syncGUID":"{2f0d65c1-90dc-48a0-90b9-629ebe1e853f}","location":"app-system-defaults","version":"0.9.7","type":"extension","updateURL":null,"optionsURL":null,"optionsType":null,"aboutURL":null,"defaultLocale":{"name":"Follow-on Search Telemetry","description":null,"creator":null,"homepageURL":null},"visible":true,"active":false,"userDisabled":false,"appDisabled":false,"installDate":1530671781138,"updateDate":1530671781138,"applyBackgroundUpdates":1,"bootstrap":true,"path":"C:\\Program Files\\Mozilla Firefox\\browser\\features\\followonsearch@mozilla.com.xpi","skinnable":false,"size":17903,"sourceURI":null,"releaseNotesURI":null,"softDisabled":false,"foreignInstall":false,"strictCompatibility":false,"locales":[],"targetApplications":[{"id":"{ec8030f7-c20a-464f-9b0e-13a3a9e97384}","minVersion":"52.0","maxVersion":"66.*"}],"targetPlatforms":[],"seen":true,"dependencies":[],"hasEmbeddedWebExtension":false,"userPermissions":null,"icons":{},"iconURL":null,"icon64URL":null,"blocklistState":0,"blocklistURL":null,"startupData":null}
1532789479931	addons.manager	DEBUG	Registering startup change 'installed' for formautofill@mozilla.org
1532789479931	addons.xpi	DEBUG	Loading bootstrap scope from C:\Program Files\Mozilla Firefox\browser\features\formautofill@mozilla.org.xpi
1532789479932	addons.xpi	DEBUG	Calling bootstrap method install on formautofill@mozilla.org version 1.0
1532789479932	addons.xpi-utils	DEBUG	Make addon app-system-defaults:formautofill@mozilla.org visible
1532789479932	addons.xpi	DEBUG	Updating XPIState for {"id":"formautofill@mozilla.org","syncGUID":"{76328dc1-5ddc-4541-9527-9365c237bb66}","location":"app-system-defaults","version":"1.0","type":"extension","updateURL":null,"optionsURL":null,"optionsType":null,"aboutURL":null,"defaultLocale":{"name":"Form Autofill","description":"Autofill forms with saved profiles","creator":null,"homepageURL":null},"visible":true,"active":false,"userDisabled":false,"appDisabled":false,"installDate":1530671781142,"updateDate":1530671781142,"applyBackgroundUpdates":1,"bootstrap":true,"path":"C:\\Program Files\\Mozilla Firefox\\browser\\features\\formautofill@mozilla.org.xpi","skinnable":false,"size":465058,"sourceURI":null,"releaseNotesURI":null,"softDisabled":false,"foreignInstall":false,"strictCompatibility":false,"locales":[],"targetApplications":[{"id":"{ec8030f7-c20a-464f-9b0e-13a3a9e97384}","minVersion":"61.0.1","maxVersion":"61.*"}],"targetPlatforms":[],"seen":true,"dependencies":[],"hasEmbeddedWebExtension":false,"userPermissions":null,"icons":{},"iconURL":null,"icon64URL":null,"blocklistState":0,"blocklistURL":null,"startupData":null}
1532789479933	addons.manager	DEBUG	Registering startup change 'installed' for onboarding@mozilla.org
1532789479933	addons.xpi	DEBUG	Loading bootstrap scope from C:\Program Files\Mozilla Firefox\browser\features\onboarding@mozilla.org.xpi
1532789479934	addons.xpi	DEBUG	Calling bootstrap method install on onboarding@mozilla.org version 1.0
1532789479934	addons.xpi-utils	DEBUG	Make addon app-system-defaults:onboarding@mozilla.org visible
1532789479935	addons.xpi	DEBUG	Updating XPIState for {"id":"onboarding@mozilla.org","syncGUID":"{e826fb3d-32aa-41f2-bf83-67627ad6645c}","location":"app-system-defaults","version":"1.0","type":"extension","updateURL":null,"optionsURL":null,"optionsType":null,"aboutURL":null,"defaultLocale":{"name":"Photon onboarding","description":"Photon onboarding","creator":null,"homepageURL":null},"visible":true,"active":false,"userDisabled":false,"appDisabled":false,"installDate":1530671781146,"updateDate":1530671781146,"applyBackgroundUpdates":1,"bootstrap":true,"path":"C:\\Program Files\\Mozilla Firefox\\browser\\features\\onboarding@mozilla.org.xpi","skinnable":false,"size":564181,"sourceURI":null,"releaseNotesURI":null,"softDisabled":false,"foreignInstall":false,"strictCompatibility":false,"locales":[],"targetApplications":[{"id":"{ec8030f7-c20a-464f-9b0e-13a3a9e97384}","minVersion":"61.0.1","maxVersion":"61.*"}],"targetPlatforms":[],"seen":true,"dependencies":[],"hasEmbeddedWebExtension":false,"userPermissions":null,"icons":{},"iconURL":null,"icon64URL":null,"blocklistState":0,"blocklistURL":null,"startupData":null}
1532789479935	addons.manager	DEBUG	Registering startup change 'installed' for screenshots@mozilla.org
1532789479935	addons.xpi	DEBUG	Loading bootstrap scope from C:\Program Files\Mozilla Firefox\browser\features\screenshots@mozilla.org.xpi
1532789479936	addons.xpi	DEBUG	Calling bootstrap method install on screenshots@mozilla.org version 32.1.0
1532789479936	addons.xpi-utils	DEBUG	Make addon app-system-defaults:screenshots@mozilla.org visible
1532789479937	addons.xpi	DEBUG	Updating XPIState for {"id":"screenshots@mozilla.org","syncGUID":"{1f0eda57-4eb2-43f5-a3ae-c5d69d6e2d6f}","location":"app-system-defaults","version":"32.1.0","type":"extension","updateURL":null,"optionsURL":null,"optionsType":null,"aboutURL":null,"defaultLocale":{"name":"Firefox Screenshots","description":null,"creator":null,"homepageURL":"https://screenshots.firefox.com/"},"visible":true,"active":false,"userDisabled":false,"appDisabled":false,"installDate":1530671781152,"updateDate":1530671781152,"applyBackgroundUpdates":1,"bootstrap":true,"path":"C:\\Program Files\\Mozilla Firefox\\browser\\features\\screenshots@mozilla.org.xpi","skinnable":false,"size":1002421,"sourceURI":null,"releaseNotesURI":null,"softDisabled":false,"foreignInstall":false,"strictCompatibility":false,"locales":[],"targetApplications":[{"id":"{ec8030f7-c20a-464f-9b0e-13a3a9e97384}","minVersion":"57.0a1","maxVersion":"*"}],"targetPlatforms":[],"seen":true,"dependencies":[],"hasEmbeddedWebExtension":false,"userPermissions":null,"icons":{},"iconURL":null,"icon64URL":null,"blocklistState":0,"blocklistURL":null,"startupData":null}
1532789479937	addons.manager	DEBUG	Registering startup change 'installed' for webcompat-reporter@mozilla.org
1532789479937	addons.xpi	DEBUG	Loading bootstrap scope from C:\Program Files\Mozilla Firefox\browser\features\webcompat-reporter@mozilla.org.xpi
1532789479938	addons.xpi	DEBUG	Calling bootstrap method install on webcompat-reporter@mozilla.org version 1.0.0
1532789479938	addons.xpi-utils	DEBUG	Make addon app-system-defaults:webcompat-reporter@mozilla.org visible
1532789479938	addons.xpi	DEBUG	Updating XPIState for {"id":"webcompat-reporter@mozilla.org","syncGUID":"{d976686e-1167-4f13-b59a-5ab62dfe0775}","location":"app-system-defaults","version":"1.0.0","type":"extension","updateURL":null,"optionsURL":null,"optionsType":null,"aboutURL":null,"defaultLocale":{"name":"WebCompat Reporter","description":"Report site compatibility issues on webcompat.com.","creator":null,"homepageURL":null},"visible":true,"active":false,"userDisabled":false,"appDisabled":false,"installDate":1530671781153,"updateDate":1530671781153,"applyBackgroundUpdates":1,"bootstrap":true,"path":"C:\\Program Files\\Mozilla Firefox\\browser\\features\\webcompat-reporter@mozilla.org.xpi","skinnable":false,"size":12711,"sourceURI":null,"releaseNotesURI":null,"softDisabled":false,"foreignInstall":false,"strictCompatibility":false,"locales":[],"targetApplications":[{"id":"{ec8030f7-c20a-464f-9b0e-13a3a9e97384}","minVersion":"61.0.1","maxVersion":"61.*"}],"targetPlatforms":[],"seen":true,"dependencies":[],"hasEmbeddedWebExtension":false,"userPermissions":null,"icons":{},"iconURL":null,"icon64URL":null,"blocklistState":0,"blocklistURL":null,"startupData":null}
1532789479938	addons.manager	DEBUG	Registering startup change 'installed' for webcompat@mozilla.org
1532789479938	addons.xpi	DEBUG	Loading bootstrap scope from C:\Program Files\Mozilla Firefox\browser\features\webcompat@mozilla.org.xpi
1532789479940	addons.xpi	DEBUG	Calling bootstrap method install on webcompat@mozilla.org version 2.0
1532789479940	addons.xpi-utils	DEBUG	Make addon app-system-defaults:webcompat@mozilla.org visible
1532789479940	addons.xpi	DEBUG	Updating XPIState for {"id":"webcompat@mozilla.org","syncGUID":"{e8ee7905-4214-4654-b762-125ed6eeff94}","location":"app-system-defaults","version":"2.0","type":"extension","updateURL":null,"optionsURL":null,"optionsType":null,"aboutURL":null,"defaultLocale":{"name":"Web Compat","description":"Urgent post-release fixes for web compatibility.","creator":null,"homepageURL":null},"visible":true,"active":false,"userDisabled":false,"appDisabled":false,"installDate":1530671781153,"updateDate":1530671781153,"applyBackgroundUpdates":1,"bootstrap":true,"path":"C:\\Program Files\\Mozilla Firefox\\browser\\features\\webcompat@mozilla.org.xpi","skinnable":false,"size":13138,"sourceURI":null,"releaseNotesURI":null,"softDisabled":false,"foreignInstall":false,"strictCompatibility":false,"locales":[],"targetApplications":[{"id":"{ec8030f7-c20a-464f-9b0e-13a3a9e97384}","minVersion":"61.0.1","maxVersion":"61.*"},{"id":"{aa3c5121-dab2-40e2-81ca-7ea25febc110}","minVersion":"61.0.1","maxVersion":"61.*"}],"targetPlatforms":[],"seen":true,"dependencies":[],"hasEmbeddedWebExtension":true,"userPermissions":null,"icons":{},"iconURL":null,"icon64URL":null,"blocklistState":0,"blocklistURL":null,"startupData":null}
1532789479940	addons.xpi	DEBUG	Updating XPIState for {"id":"activity-stream@mozilla.org","syncGUID":"{1ba22078-b7ce-41ec-8496-60375b40a53b}","location":"app-system-defaults","version":"2018.06.29.1026-fa231556","type":"extension","updateURL":null,"optionsURL":null,"optionsType":null,"aboutURL":null,"defaultLocale":{"name":"Activity Stream","description":"A rich visual history feed and a reimagined home page make it easier than ever to find exactly what you're looking for in Firefox.","creator":null,"homepageURL":null},"visible":true,"active":true,"userDisabled":false,"appDisabled":false,"installDate":1530671781133,"updateDate":1530671781133,"applyBackgroundUpdates":1,"bootstrap":true,"path":"C:\\Program Files\\Mozilla Firefox\\browser\\features\\activity-stream@mozilla.org.xpi","skinnable":false,"size":2732420,"sourceURI":null,"releaseNotesURI":null,"softDisabled":false,"foreignInstall":false,"strictCompatibility":false,"locales":[],"targetApplications":[{"id":"{ec8030f7-c20a-464f-9b0e-13a3a9e97384}","minVersion":"61.0.1","maxVersion":"61.*"}],"targetPlatforms":[],"seen":true,"dependencies":[],"hasEmbeddedWebExtension":false,"userPermissions":null,"icons":{},"iconURL":null,"icon64URL":null,"blocklistState":0,"blocklistURL":null,"startupData":null}
1532789479940	addons.xpi	DEBUG	Updating XPIState for {"id":"aushelper@mozilla.org","syncGUID":"{6dd2d5a6-35fc-4d41-956c-39656b13a44f}","location":"app-system-defaults","version":"2.0","type":"extension","updateURL":null,"optionsURL":null,"optionsType":null,"aboutURL":null,"defaultLocale":{"name":"Application Update Service Helper","description":"Sets value(s) in the update url based on custom checks.","creator":null,"homepageURL":null},"visible":true,"active":true,"userDisabled":false,"appDisabled":false,"installDate":1530671781133,"updateDate":1530671781133,"applyBackgroundUpdates":1,"bootstrap":true,"path":"C:\\Program Files\\Mozilla Firefox\\browser\\features\\aushelper@mozilla.org.xpi","skinnable":false,"size":8425,"sourceURI":null,"releaseNotesURI":null,"softDisabled":false,"foreignInstall":false,"strictCompatibility":false,"locales":[],"targetApplications":[{"id":"{ec8030f7-c20a-464f-9b0e-13a3a9e97384}","minVersion":"61.0.1","maxVersion":"61.*"}],"targetPlatforms":[],"seen":true,"dependencies":[],"hasEmbeddedWebExtension":false,"userPermissions":null,"icons":{},"iconURL":null,"icon64URL":null,"blocklistState":0,"blocklistURL":null,"startupData":null}
1532789479940	addons.xpi	DEBUG	Updating XPIState for {"id":"firefox@getpocket.com","syncGUID":"{1b3a3fea-3330-44bd-a4ae-d3592a5ff942}","location":"app-system-defaults","version":"1.0.5","type":"extension","updateURL":null,"optionsURL":null,"optionsType":null,"aboutURL":null,"defaultLocale":{"name":"Pocket","description":"When you find something you want to view later, put it in Pocket.","creator":null,"homepageURL":null},"visible":true,"active":true,"userDisabled":false,"appDisabled":false,"installDate":1530671781138,"updateDate":1530671781138,"applyBackgroundUpdates":1,"bootstrap":true,"path":"C:\\Program Files\\Mozilla Firefox\\browser\\features\\firefox@getpocket.com.xpi","skinnable":false,"size":855820,"sourceURI":null,"releaseNotesURI":null,"softDisabled":false,"foreignInstall":false,"strictCompatibility":false,"locales":[],"targetApplications":[{"id":"{ec8030f7-c20a-464f-9b0e-13a3a9e97384}","minVersion":"61.0.1","maxVersion":"61.*"}],"targetPlatforms":[],"seen":true,"dependencies":[],"hasEmbeddedWebExtension":false,"userPermissions":null,"icons":{},"iconURL":null,"icon64URL":null,"blocklistState":0,"blocklistURL":null,"startupData":null}
1532789479940	addons.xpi	DEBUG	Updating XPIState for {"id":"followonsearch@mozilla.com","syncGUID":"{2f0d65c1-90dc-48a0-90b9-629ebe1e853f}","location":"app-system-defaults","version":"0.9.7","type":"extension","updateURL":null,"optionsURL":null,"optionsType":null,"aboutURL":null,"defaultLocale":{"name":"Follow-on Search Telemetry","description":null,"creator":null,"homepageURL":null},"visible":true,"active":true,"userDisabled":false,"appDisabled":false,"installDate":1530671781138,"updateDate":1530671781138,"applyBackgroundUpdates":1,"bootstrap":true,"path":"C:\\Program Files\\Mozilla Firefox\\browser\\features\\followonsearch@mozilla.com.xpi","skinnable":false,"size":17903,"sourceURI":null,"releaseNotesURI":null,"softDisabled":false,"foreignInstall":false,"strictCompatibility":false,"locales":[],"targetApplications":[{"id":"{ec8030f7-c20a-464f-9b0e-13a3a9e97384}","minVersion":"52.0","maxVersion":"66.*"}],"targetPlatforms":[],"seen":true,"dependencies":[],"hasEmbeddedWebExtension":false,"userPermissions":null,"icons":{},"iconURL":null,"icon64URL":null,"blocklistState":0,"blocklistURL":null,"startupData":null}
1532789479940	addons.xpi	DEBUG	Updating XPIState for {"id":"formautofill@mozilla.org","syncGUID":"{76328dc1-5ddc-4541-9527-9365c237bb66}","location":"app-system-defaults","version":"1.0","type":"extension","updateURL":null,"optionsURL":null,"optionsType":null,"aboutURL":null,"defaultLocale":{"name":"Form Autofill","description":"Autofill forms with saved profiles","creator":null,"homepageURL":null},"visible":true,"active":true,"userDisabled":false,"appDisabled":false,"installDate":1530671781142,"updateDate":1530671781142,"applyBackgroundUpdates":1,"bootstrap":true,"path":"C:\\Program Files\\Mozilla Firefox\\browser\\features\\formautofill@mozilla.org.xpi","skinnable":false,"size":465058,"sourceURI":null,"releaseNotesURI":null,"softDisabled":false,"foreignInstall":false,"strictCompatibility":false,"locales":[],"targetApplications":[{"id":"{ec8030f7-c20a-464f-9b0e-13a3a9e97384}","minVersion":"61.0.1","maxVersion":"61.*"}],"targetPlatforms":[],"seen":true,"dependencies":[],"hasEmbeddedWebExtension":false,"userPermissions":null,"icons":{},"iconURL":null,"icon64URL":null,"blocklistState":0,"blocklistURL":null,"startupData":null}
1532789479940	addons.xpi	DEBUG	Updating XPIState for {"id":"onboarding@mozilla.org","syncGUID":"{e826fb3d-32aa-41f2-bf83-67627ad6645c}","location":"app-system-defaults","version":"1.0","type":"extension","updateURL":null,"optionsURL":null,"optionsType":null,"aboutURL":null,"defaultLocale":{"name":"Photon onboarding","description":"Photon onboarding","creator":null,"homepageURL":null},"visible":true,"active":true,"userDisabled":false,"appDisabled":false,"installDate":1530671781146,"updateDate":1530671781146,"applyBackgroundUpdates":1,"bootstrap":true,"path":"C:\\Program Files\\Mozilla Firefox\\browser\\features\\onboarding@mozilla.org.xpi","skinnable":false,"size":564181,"sourceURI":null,"releaseNotesURI":null,"softDisabled":false,"foreignInstall":false,"strictCompatibility":false,"locales":[],"targetApplications":[{"id":"{ec8030f7-c20a-464f-9b0e-13a3a9e97384}","minVersion":"61.0.1","maxVersion":"61.*"}],"targetPlatforms":[],"seen":true,"dependencies":[],"hasEmbeddedWebExtension":false,"userPermissions":null,"icons":{},"iconURL":null,"icon64URL":null,"blocklistState":0,"blocklistURL":null,"startupData":null}
1532789479940	addons.xpi	DEBUG	Updating XPIState for {"id":"screenshots@mozilla.org","syncGUID":"{1f0eda57-4eb2-43f5-a3ae-c5d69d6e2d6f}","location":"app-system-defaults","version":"32.1.0","type":"extension","updateURL":null,"optionsURL":null,"optionsType":null,"aboutURL":null,"defaultLocale":{"name":"Firefox Screenshots","description":null,"creator":null,"homepageURL":"https://screenshots.firefox.com/"},"visible":true,"active":true,"userDisabled":false,"appDisabled":false,"installDate":1530671781152,"updateDate":1530671781152,"applyBackgroundUpdates":1,"bootstrap":true,"path":"C:\\Program Files\\Mozilla Firefox\\browser\\features\\screenshots@mozilla.org.xpi","skinnable":false,"size":1002421,"sourceURI":null,"releaseNotesURI":null,"softDisabled":false,"foreignInstall":false,"strictCompatibility":false,"locales":[],"targetApplications":[{"id":"{ec8030f7-c20a-464f-9b0e-13a3a9e97384}","minVersion":"57.0a1","maxVersion":"*"}],"targetPlatforms":[],"seen":true,"dependencies":[],"hasEmbeddedWebExtension":false,"userPermissions":null,"icons":{},"iconURL":null,"icon64URL":null,"blocklistState":0,"blocklistURL":null,"startupData":null}
1532789479940	addons.xpi	DEBUG	Updating XPIState for {"id":"webcompat-reporter@mozilla.org","syncGUID":"{d976686e-1167-4f13-b59a-5ab62dfe0775}","location":"app-system-defaults","version":"1.0.0","type":"extension","updateURL":null,"optionsURL":null,"optionsType":null,"aboutURL":null,"defaultLocale":{"name":"WebCompat Reporter","description":"Report site compatibility issues on webcompat.com.","creator":null,"homepageURL":null},"visible":true,"active":true,"userDisabled":false,"appDisabled":false,"installDate":1530671781153,"updateDate":1530671781153,"applyBackgroundUpdates":1,"bootstrap":true,"path":"C:\\Program Files\\Mozilla Firefox\\browser\\features\\webcompat-reporter@mozilla.org.xpi","skinnable":false,"size":12711,"sourceURI":null,"releaseNotesURI":null,"softDisabled":false,"foreignInstall":false,"strictCompatibility":false,"locales":[],"targetApplications":[{"id":"{ec8030f7-c20a-464f-9b0e-13a3a9e97384}","minVersion":"61.0.1","maxVersion":"61.*"}],"targetPlatforms":[],"seen":true,"dependencies":[],"hasEmbeddedWebExtension":false,"userPermissions":null,"icons":{},"iconURL":null,"icon64URL":null,"blocklistState":0,"blocklistURL":null,"startupData":null}
1532789479941	addons.xpi	DEBUG	Updating XPIState for {"id":"webcompat@mozilla.org","syncGUID":"{e8ee7905-4214-4654-b762-125ed6eeff94}","location":"app-system-defaults","version":"2.0","type":"extension","updateURL":null,"optionsURL":null,"optionsType":null,"aboutURL":null,"defaultLocale":{"name":"Web Compat","description":"Urgent post-release fixes for web compatibility.","creator":null,"homepageURL":null},"visible":true,"active":true,"userDisabled":false,"appDisabled":false,"installDate":1530671781153,"updateDate":1530671781153,"applyBackgroundUpdates":1,"bootstrap":true,"path":"C:\\Program Files\\Mozilla Firefox\\browser\\features\\webcompat@mozilla.org.xpi","skinnable":false,"size":13138,"sourceURI":null,"releaseNotesURI":null,"softDisabled":false,"foreignInstall":false,"strictCompatibility":false,"locales":[],"targetApplications":[{"id":"{ec8030f7-c20a-464f-9b0e-13a3a9e97384}","minVersion":"61.0.1","maxVersion":"61.*"},{"id":"{aa3c5121-dab2-40e2-81ca-7ea25febc110}","minVersion":"61.0.1","maxVersion":"61.*"}],"targetPlatforms":[],"seen":true,"dependencies":[],"hasEmbeddedWebExtension":true,"userPermissions":null,"icons":{},"iconURL":null,"icon64URL":null,"blocklistState":0,"blocklistURL":null,"startupData":null}
1532789479941	addons.xpi	DEBUG	Updating database with changes to installed add-ons
1532789479941	addons.xpi-utils	DEBUG	Updating add-on states
1532789479943	addons.xpi	DEBUG	Registering manifest for C:\Program Files\Mozilla Firefox\browser\features\activity-stream@mozilla.org.xpi
1532789479944	addons.xpi	DEBUG	Calling bootstrap method startup on activity-stream@mozilla.org version 2018.06.29.1026-fa231556
1532789479944	addons.xpi	DEBUG	Registering manifest for C:\Program Files\Mozilla Firefox\browser\features\aushelper@mozilla.org.xpi
1532789479945	addons.xpi	DEBUG	Calling bootstrap method startup on aushelper@mozilla.org version 2.0
1532789479945	addons.xpi	DEBUG	Registering manifest for C:\Program Files\Mozilla Firefox\browser\features\firefox@getpocket.com.xpi
1532789479945	addons.xpi	DEBUG	Calling bootstrap method startup on firefox@getpocket.com version 1.0.5
1532789479950	addons.xpi	DEBUG	Registering manifest for C:\Program Files\Mozilla Firefox\browser\features\followonsearch@mozilla.com.xpi
1532789479951	addons.xpi	DEBUG	Calling bootstrap method startup on followonsearch@mozilla.com version 0.9.7
1532789479951	addons.xpi	DEBUG	Registering manifest for C:\Program Files\Mozilla Firefox\browser\features\formautofill@mozilla.org.xpi
1532789479951	addons.xpi	DEBUG	Calling bootstrap method startup on formautofill@mozilla.org version 1.0
1532789479951	addons.xpi	DEBUG	Registering manifest for C:\Program Files\Mozilla Firefox\browser\features\onboarding@mozilla.org.xpi
1532789479952	addons.xpi	DEBUG	Calling bootstrap method startup on onboarding@mozilla.org version 1.0
1532789479952	addons.xpi	DEBUG	Registering manifest for C:\Program Files\Mozilla Firefox\browser\features\screenshots@mozilla.org.xpi
1532789479952	addons.xpi	DEBUG	Calling bootstrap method startup on screenshots@mozilla.org version 32.1.0
1532789479952	addons.xpi	DEBUG	Registering manifest for C:\Program Files\Mozilla Firefox\browser\features\webcompat-reporter@mozilla.org.xpi
1532789479952	addons.xpi	DEBUG	Calling bootstrap method startup on webcompat-reporter@mozilla.org version 1.0.0
1532789479952	addons.xpi	DEBUG	Registering manifest for C:\Program Files\Mozilla Firefox\browser\features\webcompat@mozilla.org.xpi
1532789479953	addons.xpi	DEBUG	Calling bootstrap method startup on webcompat@mozilla.org version 2.0
1532789479955	addons.manager	DEBUG	Registering shutdown blocker for XPIProvider
1532789479955	addons.manager	DEBUG	Provider finished startup: XPIProvider
1532789479955	addons.manager	DEBUG	Starting provider: LightweightThemeManager
1532789479955	addons.manager	DEBUG	Registering shutdown blocker for LightweightThemeManager
1532789479955	addons.manager	DEBUG	Provider finished startup: LightweightThemeManager
1532789479956	addons.manager	DEBUG	Starting provider: GMPProvider
1532789479958	addons.manager	DEBUG	Registering shutdown blocker for GMPProvider
1532789479958	addons.manager	DEBUG	Provider finished startup: GMPProvider
1532789479958	addons.manager	DEBUG	Starting provider: PluginProvider
1532789479959	addons.manager	DEBUG	Registering shutdown blocker for PluginProvider
1532789479959	addons.manager	DEBUG	Provider finished startup: PluginProvider
1532789479960	addons.manager	DEBUG	Completed startup sequence
Unable to read VR Path Registry from C:\Users\win10\AppData\Local\openvr\openvrpaths.vrpath
Unable to read VR Path Registry from C:\Users\win10\AppData\Local\openvr\openvrpaths.vrpath
1532789480386	addons.repository	DEBUG	No addons.json found.
Unable to read VR Path Registry from C:\Users\win10\AppData\Local\openvr\openvrpaths.vrpath
Unable to read VR Path Registry from C:\Users\win10\AppData\Local\openvr\openvrpaths.vrpath
Unable to read VR Path Registry from C:\Users\win10\AppData\Local\openvr\openvrpaths.vrpath
1532789480982	addons.xpi	DEBUG	Existing add-on activity-stream@mozilla.org in app-system-defaults
1532789480982	addons.xpi	DEBUG	Existing add-on aushelper@mozilla.org in app-system-defaults
1532789480982	addons.xpi	DEBUG	Existing add-on firefox@getpocket.com in app-system-defaults
1532789480982	addons.xpi	DEBUG	Existing add-on followonsearch@mozilla.com in app-system-defaults
1532789480982	addons.xpi	DEBUG	Existing add-on formautofill@mozilla.org in app-system-defaults
1532789480982	addons.xpi	DEBUG	Existing add-on onboarding@mozilla.org in app-system-defaults
1532789480983	addons.xpi	DEBUG	Existing add-on screenshots@mozilla.org in app-system-defaults
1532789480983	addons.xpi	DEBUG	Existing add-on webcompat-reporter@mozilla.org in app-system-defaults
1532789480983	addons.xpi	DEBUG	Existing add-on webcompat@mozilla.org in app-system-defaults
1532789480983	addons.xpi	DEBUG	getInstallState changed: false, state: {}
1532789481089	Marionette	INFO	Listening on port 51500
1532789481202	Marionette	WARN	TLS certificate errors will be ignored for this session
1532789482988	addons.xpi	DEBUG	Calling bootstrap method shutdown on webcompat@mozilla.org version 2.0
1532789482988	addons.xpi	DEBUG	Calling bootstrap method shutdown on webcompat-reporter@mozilla.org version 1.0.0
1532789482988	addons.xpi	DEBUG	Calling bootstrap method shutdown on screenshots@mozilla.org version 32.1.0
1532789482992	addons.xpi	DEBUG	Calling bootstrap method shutdown on onboarding@mozilla.org version 1.0
1532789482992	addons.xpi	DEBUG	Calling bootstrap method shutdown on formautofill@mozilla.org version 1.0
1532789482993	addons.xpi	DEBUG	Calling bootstrap method shutdown on followonsearch@mozilla.com version 0.9.7
1532789482993	addons.xpi	DEBUG	Calling bootstrap method shutdown on firefox@getpocket.com version 1.0.5
1532789482993	addons.xpi	DEBUG	Calling bootstrap method shutdown on aushelper@mozilla.org version 2.0
1532789482993	addons.xpi	DEBUG	Calling bootstrap method shutdown on activity-stream@mozilla.org version 2018.06.29.1026-fa231556
[Parent 2724, Gecko_IOThread] WARNING: pipe error: 109: file z:/build/build/src/ipc/chromium/src/chrome/common/ipc_channel_win.cc, line 346
[Parent 2724, Gecko_IOThread] WARNING: pipe error: 109: file z:/build/build/src/ipc/chromium/src/chrome/common/ipc_channel_win.cc, line 346
[Child 17028, Chrome_ChildThread] WARNING: pipe error: 109: file z:/build/build/src/ipc/chromium/src/chrome/common/ipc_channel_win.cc, line 346
[Child 17028, Chrome_ChildThread] WARNING: pipe error: 109: fil[Child 16736, Chrome_ChildThread] WARNING: pipe error: 109: file z:/build/build/src/ipc/chromium/src/chrome/common/ipc_channel_win.cc, line 346
[Child 16736, Chrome_ChildThread][Parent 2724, Gecko_IOThread] WARNING: pipe error: 109: file z:/build/build/src/ipc/chromium/src/chrome/common/ipc_channel_win.cc, line 346
[Child 6684, Chrome_ChildThread] WARNING: pipe error: 109: file z:/build/build/src/ipc/chromium/src/chrome/common/ipc_channel_win.cc, line 346
[Child 6684, Chrome_ChildThread] WARNI1532789483135	addons.manager	DEBUG	shutdown
1532789483135	addons.manager	DEBUG	Calling shutdown blocker for XPIProvider
1532789483135	addons.xpi	DEBUG	shutdown
1532789483135	addons.xpi-utils	DEBUG	shutdown
1532789483135	addons.manager	DEBUG	Calling shutdown blocker for LightweightThemeManager
1532789483136	addons.manager	DEBUG	Calling shutdown blocker for GMPProvider
1532789483136	addons.manager	DEBUG	Calling shutdown blocker for PluginProvider
1532789483139	addons.manager	DEBUG	Async provider shutdown done
*** UTM:SVC TimerManager:registerTimer called after profile-before-change notification. Ignoring timer registration for id: telemetry_modules_ping
[GPU 8740, Chrome_Chil
###!!! [Child][MessageChannel::SendAndWait] Error: Channel error: cannot send/recv

